2021-11-25 00:16:15,794:INFO:PyCaret Supervised Module
2021-11-25 00:16:15,794:INFO:ML Usecase: anomaly
2021-11-25 00:16:15,794:INFO:version 2.3.5
2021-11-25 00:16:15,794:INFO:Initializing setup()
2021-11-25 00:16:15,794:INFO:setup(target=None, ml_usecase=anomaly, available_plots={'tsne': 'Anomaly TSnE (3d)', 'umap': 'UMAP Dimensionality'}, train_size=0.7, test_data=None, preprocess=True, imputation_type=simple, iterative_imputation_iters=5, categorical_features=None, categorical_imputation=mode, categorical_iterative_imputer=lightgbm, ordinal_features=None, high_cardinality_features=None, high_cardinality_method=frequency, numeric_features=None, numeric_imputation=mean, numeric_iterative_imputer=lightgbm, date_features=None, ignore_features=None, normalize=False, normalize_method=zscore, transformation=False, transformation_method=yeo-johnson, handle_unknown_categorical=True, unknown_categorical_method=least_frequent, pca=False, pca_method=linear, pca_components=None, ignore_low_variance=False, combine_rare_levels=False, rare_level_threshold=0.1, bin_numeric_features=None, remove_outliers=False, outliers_threshold=0.05, remove_multicollinearity=False, multicollinearity_threshold=0.9, remove_perfect_collinearity=False, create_clusters=False, cluster_iter=20, polynomial_features=False, polynomial_degree=2, trigonometry_features=False, polynomial_threshold=0.1, group_features=None, group_names=None, feature_selection=False, feature_selection_threshold=0.8, feature_selection_method=classic, feature_interaction=False, feature_ratio=False, interaction_threshold=0.01, fix_imbalance=False, fix_imbalance_method=None, transform_target=False, transform_target_method=box-cox, data_split_shuffle=False, data_split_stratify=False, fold_strategy=kfold, fold=10, fold_shuffle=False, fold_groups=None, n_jobs=-1, use_gpu=False, custom_pipeline=None, html=True, session_id=None, log_experiment=False, experiment_name=None, log_plots=False, log_profile=False, log_data=False, silent=False, verbose=True, profile=False, profile_kwargs=None, display=None)
2021-11-25 00:16:15,794:INFO:Checking environment
2021-11-25 00:16:15,794:INFO:python_version: 3.8.12
2021-11-25 00:16:15,794:INFO:python_build: ('default', 'Oct 12 2021 03:01:40')
2021-11-25 00:16:15,794:INFO:machine: AMD64
2021-11-25 00:16:15,794:INFO:platform: Windows-10-10.0.19044-SP0
2021-11-25 00:16:15,794:WARNING:cannot find psutil installation. memory not traceable. Install psutil using pip to enable memory logging.
2021-11-25 00:16:15,794:INFO:Checking libraries
2021-11-25 00:16:15,794:INFO:pd==1.3.4
2021-11-25 00:16:15,794:INFO:numpy==1.19.5
2021-11-25 00:16:15,794:INFO:sklearn==0.23.2
2021-11-25 00:16:15,802:INFO:lightgbm==3.3.1
2021-11-25 00:16:15,804:WARNING:catboost not found
2021-11-25 00:16:15,804:WARNING:xgboost not found
2021-11-25 00:16:17,672:INFO:mlflow==1.21.0
2021-11-25 00:16:17,672:INFO:Checking Exceptions
2021-11-25 00:16:17,672:INFO:Declaring global variables
2021-11-25 00:16:17,672:INFO:USI: 3759
2021-11-25 00:16:17,672:INFO:pycaret_globals: {'html_param', '_ml_usecase', 'fold_groups_param_full', 'X', 'exp_name_log', 'master_model_container', 'log_plots_param', 'logging_param', 'transform_target_method_param', 'n_jobs_param', 'fold_param', 'pycaret_globals', '_internal_pipeline', 'seed', 'fix_imbalance_method_param', '_all_models_internal', 'display_container', '_gpu_n_jobs_param', 'stratify_param', 'imputation_classifier', '_available_plots', 'fix_imbalance_param', 'iterative_imputation_iters_param', 'target_param', 'fold_generator', 'USI', 'data_before_preprocess', 'imputation_regressor', 'fold_shuffle_param', 'prep_pipe', 'create_model_container', '_all_metrics', 'fold_groups_param', '_all_models', 'gpu_param', 'experiment__', 'transform_target_param'}
2021-11-25 00:16:17,672:INFO:Preparing display monitor
2021-11-25 00:16:17,672:INFO:Preparing display monitor
2021-11-25 00:16:17,713:INFO:Importing libraries
2021-11-25 00:16:17,713:INFO:Copying data for preprocessing
2021-11-25 00:16:17,729:INFO:Declaring preprocessing parameters
2021-11-25 00:16:17,734:INFO:Creating preprocessing pipeline
2021-11-25 00:16:17,749:INFO:Preprocessing pipeline created successfully
2021-11-25 00:16:17,749:ERROR:(Process Exit): setup has been interupted with user command 'quit'. setup must rerun.
2021-11-25 00:16:17,749:INFO:Creating global containers
2021-11-25 00:16:17,753:INFO:Internal pipeline: Pipeline(memory=None, steps=[('empty_step', 'passthrough')], verbose=False)
2021-11-25 00:18:32,068:INFO:PyCaret Supervised Module
2021-11-25 00:18:32,068:INFO:ML Usecase: anomaly
2021-11-25 00:18:32,068:INFO:version 2.3.5
2021-11-25 00:18:32,068:INFO:Initializing setup()
2021-11-25 00:18:32,068:INFO:setup(target=None, ml_usecase=anomaly, available_plots={'tsne': 'Anomaly TSnE (3d)', 'umap': 'UMAP Dimensionality'}, train_size=0.7, test_data=None, preprocess=True, imputation_type=simple, iterative_imputation_iters=5, categorical_features=None, categorical_imputation=mode, categorical_iterative_imputer=lightgbm, ordinal_features=None, high_cardinality_features=None, high_cardinality_method=frequency, numeric_features=None, numeric_imputation=mean, numeric_iterative_imputer=lightgbm, date_features=None, ignore_features=None, normalize=False, normalize_method=zscore, transformation=False, transformation_method=yeo-johnson, handle_unknown_categorical=True, unknown_categorical_method=least_frequent, pca=False, pca_method=linear, pca_components=None, ignore_low_variance=False, combine_rare_levels=False, rare_level_threshold=0.1, bin_numeric_features=None, remove_outliers=False, outliers_threshold=0.05, remove_multicollinearity=False, multicollinearity_threshold=0.9, remove_perfect_collinearity=False, create_clusters=False, cluster_iter=20, polynomial_features=False, polynomial_degree=2, trigonometry_features=False, polynomial_threshold=0.1, group_features=None, group_names=None, feature_selection=False, feature_selection_threshold=0.8, feature_selection_method=classic, feature_interaction=False, feature_ratio=False, interaction_threshold=0.01, fix_imbalance=False, fix_imbalance_method=None, transform_target=False, transform_target_method=box-cox, data_split_shuffle=False, data_split_stratify=False, fold_strategy=kfold, fold=10, fold_shuffle=False, fold_groups=None, n_jobs=-1, use_gpu=False, custom_pipeline=None, html=True, session_id=None, log_experiment=False, experiment_name=None, log_plots=False, log_profile=False, log_data=False, silent=False, verbose=True, profile=False, profile_kwargs=None, display=None)
2021-11-25 00:18:32,068:INFO:Checking environment
2021-11-25 00:18:32,068:INFO:python_version: 3.8.12
2021-11-25 00:18:32,068:INFO:python_build: ('default', 'Oct 12 2021 03:01:40')
2021-11-25 00:18:32,068:INFO:machine: AMD64
2021-11-25 00:18:32,068:INFO:platform: Windows-10-10.0.19044-SP0
2021-11-25 00:18:32,074:WARNING:cannot find psutil installation. memory not traceable. Install psutil using pip to enable memory logging.
2021-11-25 00:18:32,074:INFO:Checking libraries
2021-11-25 00:18:32,074:INFO:pd==1.3.4
2021-11-25 00:18:32,074:INFO:numpy==1.19.5
2021-11-25 00:18:32,074:INFO:sklearn==0.23.2
2021-11-25 00:18:32,074:INFO:lightgbm==3.3.1
2021-11-25 00:18:32,076:WARNING:catboost not found
2021-11-25 00:18:32,076:WARNING:xgboost not found
2021-11-25 00:18:33,713:INFO:mlflow==1.21.0
2021-11-25 00:18:33,713:INFO:Checking Exceptions
2021-11-25 00:18:33,713:INFO:Declaring global variables
2021-11-25 00:18:33,713:INFO:USI: 598d
2021-11-25 00:18:33,713:INFO:pycaret_globals: {'X', 'fold_generator', 'fold_groups_param', 'USI', 'n_jobs_param', 'gpu_param', 'transform_target_param', 'fix_imbalance_method_param', 'iterative_imputation_iters_param', '_all_models', 'stratify_param', 'target_param', 'data_before_preprocess', 'create_model_container', 'log_plots_param', '_all_models_internal', 'fix_imbalance_param', 'fold_shuffle_param', 'display_container', '_ml_usecase', 'experiment__', 'pycaret_globals', 'imputation_regressor', 'prep_pipe', 'logging_param', 'seed', 'fold_groups_param_full', '_available_plots', 'exp_name_log', '_internal_pipeline', 'html_param', 'imputation_classifier', 'transform_target_method_param', '_gpu_n_jobs_param', '_all_metrics', 'fold_param', 'master_model_container'}
2021-11-25 00:18:33,713:INFO:Preparing display monitor
2021-11-25 00:18:33,713:INFO:Preparing display monitor
2021-11-25 00:18:33,747:INFO:Importing libraries
2021-11-25 00:18:33,747:INFO:Copying data for preprocessing
2021-11-25 00:18:33,765:INFO:Declaring preprocessing parameters
2021-11-25 00:18:33,771:INFO:Creating preprocessing pipeline
2021-11-25 00:18:33,791:INFO:Preprocessing pipeline created successfully
2021-11-25 00:18:33,792:ERROR:(Process Exit): setup has been interupted with user command 'quit'. setup must rerun.
2021-11-25 00:18:33,792:INFO:Creating global containers
2021-11-25 00:18:33,795:INFO:Internal pipeline: Pipeline(memory=None, steps=[('empty_step', 'passthrough')], verbose=False)
2021-11-25 00:19:27,983:INFO:Creating grid variables
2021-11-25 00:19:28,025:INFO:create_model_container: 0
2021-11-25 00:19:28,025:INFO:master_model_container: 0
2021-11-25 00:19:28,026:INFO:display_container: 1
2021-11-25 00:19:28,049:INFO:Pipeline(memory=None,
         steps=[('dtypes',
                 DataTypes_Auto_infer(categorical_features=[],
                                      display_types=True, features_todrop=[],
                                      id_columns=[], ml_usecase='regression',
                                      numerical_features=[],
                                      target='UNSUPERVISED_DUMMY_TARGET',
                                      time_features=[])),
                ('imputer',
                 Simple_Imputer(categorical_strategy='most frequent',
                                fill_value_categorical=None,
                                fill_value_numerical=None...
                ('scaling', 'passthrough'), ('P_transform', 'passthrough'),
                ('binn', 'passthrough'), ('rem_outliers', 'passthrough'),
                ('cluster_all', 'passthrough'),
                ('dummy', Dummify(target='UNSUPERVISED_DUMMY_TARGET')),
                ('fix_perfect', 'passthrough'),
                ('clean_names', Clean_Colum_Names()),
                ('feature_select', 'passthrough'), ('fix_multi', 'passthrough'),
                ('dfs', 'passthrough'), ('pca', 'passthrough')],
         verbose=False)
2021-11-25 00:19:28,049:INFO:setup() succesfully completed......................................
2021-11-25 00:21:45,216:INFO:Initializing create_model()
2021-11-25 00:21:45,216:INFO:create_model(estimator=iforest, num_clusters=4, fraction=0.05, ground_truth=None, round=4, fit_kwargs=None, verbose=True, system=True, add_to_model_list=True, raise_num_clusters=False, display=None, kwargs={})
2021-11-25 00:21:45,216:INFO:Checking exceptions
2021-11-25 00:21:45,217:INFO:Preparing display monitor
2021-11-25 00:21:45,250:INFO:Importing libraries
2021-11-25 00:21:45,279:INFO:Importing untrained model
2021-11-25 00:21:45,319:INFO:Isolation Forest Imported succesfully
2021-11-25 00:21:45,345:INFO:Fitting Model
2021-11-25 00:21:47,051:INFO:IForest(behaviour='new', bootstrap=False, contamination=0.05,
    max_features=1.0, max_samples='auto', n_estimators=100, n_jobs=-1,
    random_state=1488, verbose=0)
2021-11-25 00:21:47,051:INFO:create_models() succesfully completed......................................
2021-11-25 00:21:47,051:INFO:Uploading results into container
2021-11-25 00:21:47,051:INFO:Uploading model into container now
2021-11-25 00:21:47,051:INFO:create_model_container: 1
2021-11-25 00:21:47,051:INFO:master_model_container: 1
2021-11-25 00:21:47,051:INFO:display_container: 2
2021-11-25 00:21:47,067:INFO:IForest(behaviour='new', bootstrap=False, contamination=0.05,
    max_features=1.0, max_samples='auto', n_estimators=100, n_jobs=-1,
    random_state=1488, verbose=0)
2021-11-25 00:21:47,067:INFO:create_model() succesfully completed......................................
2021-11-25 00:22:00,488:INFO:Initializing plot_model()
2021-11-25 00:22:00,488:INFO:plot_model(fold=None, use_train_data=False, verbose=True, is_in_evaluate=False, display=None, display_format=None, estimator=IForest(behaviour='new', bootstrap=False, contamination=0.05,
    max_features=1.0, max_samples='auto', n_estimators=100, n_jobs=-1,
    random_state=1488, verbose=0), feature_name=None, fit_kwargs=None, groups=None, label=False, plot=tsne, save=False, scale=1, system=True)
2021-11-25 00:22:00,488:INFO:Checking exceptions
2021-11-25 00:22:00,489:INFO:Preparing display monitor
2021-11-25 00:22:00,507:INFO:Preloading libraries
2021-11-25 00:22:00,536:INFO:Copying training dataset
2021-11-25 00:22:00,537:INFO:Plot type: tsne
2021-11-25 00:22:00,720:INFO:SubProcess assign_model() called ==================================
2021-11-25 00:22:00,720:INFO:Initializing assign_model()
2021-11-25 00:22:00,720:INFO:assign_model(model=IForest(behaviour='new', bootstrap=False, contamination=0.05,
    max_features=1.0, max_samples='auto', n_estimators=100, n_jobs=-1,
    random_state=1488, verbose=0), transformation=True, score=False, verbose=False)
2021-11-25 00:22:00,720:INFO:Checking exceptions
2021-11-25 00:22:00,720:INFO:Determining Trained Model
2021-11-25 00:22:00,720:INFO:Trained Model : Isolation Forest
2021-11-25 00:22:00,720:INFO:Copying data
2021-11-25 00:22:00,720:INFO:Transformation param set to True. Assigned clusters are attached on transformed dataset.
2021-11-25 00:22:00,720:INFO:(1000, 11)
2021-11-25 00:22:00,720:INFO:assign_model() succesfully completed......................................
2021-11-25 00:22:00,720:INFO:SubProcess assign_model() end ==================================
2021-11-25 00:22:00,731:INFO:Getting dummies to cast categorical variables
2021-11-25 00:22:00,731:INFO:Fitting TSNE()
2021-11-25 00:22:25,109:INFO:Rendering Visual
2021-11-25 00:22:28,290:INFO:Visual Rendered Successfully
2021-11-25 00:22:28,463:INFO:plot_model() succesfully completed......................................
2021-11-25 00:24:26,866:INFO:Initializing create_model()
2021-11-25 00:24:26,866:INFO:create_model(estimator=knn, num_clusters=4, fraction=0.05, ground_truth=None, round=4, fit_kwargs=None, verbose=True, system=True, add_to_model_list=True, raise_num_clusters=False, display=None, kwargs={})
2021-11-25 00:24:26,866:INFO:Checking exceptions
2021-11-25 00:24:26,867:INFO:Preparing display monitor
2021-11-25 00:24:26,904:INFO:Importing libraries
2021-11-25 00:24:26,921:INFO:Importing untrained model
2021-11-25 00:24:26,945:INFO:K-Nearest Neighbors Detector Imported succesfully
2021-11-25 00:24:26,965:INFO:Fitting Model
2021-11-25 00:24:27,004:INFO:KNN(algorithm='auto', contamination=0.05, leaf_size=30, method='largest',
  metric='minkowski', metric_params=None, n_jobs=-1, n_neighbors=5, p=2,
  radius=1.0)
2021-11-25 00:24:27,005:INFO:create_models() succesfully completed......................................
2021-11-25 00:24:27,006:INFO:Uploading results into container
2021-11-25 00:24:27,007:INFO:Uploading model into container now
2021-11-25 00:24:27,009:INFO:create_model_container: 2
2021-11-25 00:24:27,010:INFO:master_model_container: 2
2021-11-25 00:24:27,010:INFO:display_container: 3
2021-11-25 00:24:27,011:INFO:KNN(algorithm='auto', contamination=0.05, leaf_size=30, method='largest',
  metric='minkowski', metric_params=None, n_jobs=-1, n_neighbors=5, p=2,
  radius=1.0)
2021-11-25 00:24:27,011:INFO:create_model() succesfully completed......................................
2021-11-25 00:24:27,179:INFO:Initializing plot_model()
2021-11-25 00:24:27,179:INFO:plot_model(fold=None, use_train_data=False, verbose=True, is_in_evaluate=False, display=None, display_format=None, estimator=KNN(algorithm='auto', contamination=0.05, leaf_size=30, method='largest',
  metric='minkowski', metric_params=None, n_jobs=-1, n_neighbors=5, p=2,
  radius=1.0), feature_name=None, fit_kwargs=None, groups=None, label=False, plot=tsne, save=False, scale=1, system=True)
2021-11-25 00:24:27,184:INFO:Checking exceptions
2021-11-25 00:24:27,184:INFO:Preparing display monitor
2021-11-25 00:24:27,206:INFO:Preloading libraries
2021-11-25 00:24:27,215:INFO:Copying training dataset
2021-11-25 00:24:27,216:INFO:Plot type: tsne
2021-11-25 00:24:27,220:INFO:SubProcess assign_model() called ==================================
2021-11-25 00:24:27,222:INFO:Initializing assign_model()
2021-11-25 00:24:27,223:INFO:assign_model(model=KNN(algorithm='auto', contamination=0.05, leaf_size=30, method='largest',
  metric='minkowski', metric_params=None, n_jobs=-1, n_neighbors=5, p=2,
  radius=1.0), transformation=True, score=False, verbose=False)
2021-11-25 00:24:27,223:INFO:Checking exceptions
2021-11-25 00:24:27,223:INFO:Determining Trained Model
2021-11-25 00:24:27,224:INFO:Trained Model : K-Nearest Neighbors Detector
2021-11-25 00:24:27,225:INFO:Copying data
2021-11-25 00:24:27,225:INFO:Transformation param set to True. Assigned clusters are attached on transformed dataset.
2021-11-25 00:24:27,227:INFO:(1000, 11)
2021-11-25 00:24:27,227:INFO:assign_model() succesfully completed......................................
2021-11-25 00:24:27,228:INFO:SubProcess assign_model() end ==================================
2021-11-25 00:24:27,235:INFO:Getting dummies to cast categorical variables
2021-11-25 00:24:27,236:INFO:Fitting TSNE()
2021-11-25 00:24:51,331:INFO:Rendering Visual
2021-11-25 00:24:51,551:INFO:Visual Rendered Successfully
2021-11-25 00:24:51,735:INFO:plot_model() succesfully completed......................................
2021-11-25 00:25:29,865:INFO:Initializing predict_model()
2021-11-25 00:25:29,866:INFO:predict_model(estimator=KNN(algorithm='auto', contamination=0.05, leaf_size=30, method='largest',
  metric='minkowski', metric_params=None, n_jobs=-1, n_neighbors=5, p=2,
  radius=1.0), ml_usecase=MLUsecase.ANOMALY)
2021-11-25 00:28:09,631:INFO:PyCaret Supervised Module
2021-11-25 00:28:09,633:INFO:ML Usecase: anomaly
2021-11-25 00:28:09,633:INFO:version 2.3.5
2021-11-25 00:28:09,634:INFO:Initializing setup()
2021-11-25 00:28:09,634:INFO:setup(target=None, ml_usecase=anomaly, available_plots={'tsne': 'Anomaly TSnE (3d)', 'umap': 'UMAP Dimensionality'}, train_size=0.7, test_data=None, preprocess=True, imputation_type=simple, iterative_imputation_iters=5, categorical_features=None, categorical_imputation=mode, categorical_iterative_imputer=lightgbm, ordinal_features=None, high_cardinality_features=None, high_cardinality_method=frequency, numeric_features=None, numeric_imputation=mean, numeric_iterative_imputer=lightgbm, date_features=None, ignore_features=None, normalize=False, normalize_method=zscore, transformation=False, transformation_method=yeo-johnson, handle_unknown_categorical=True, unknown_categorical_method=least_frequent, pca=False, pca_method=linear, pca_components=None, ignore_low_variance=False, combine_rare_levels=False, rare_level_threshold=0.1, bin_numeric_features=None, remove_outliers=False, outliers_threshold=0.05, remove_multicollinearity=False, multicollinearity_threshold=0.9, remove_perfect_collinearity=False, create_clusters=False, cluster_iter=20, polynomial_features=False, polynomial_degree=2, trigonometry_features=False, polynomial_threshold=0.1, group_features=None, group_names=None, feature_selection=False, feature_selection_threshold=0.8, feature_selection_method=classic, feature_interaction=False, feature_ratio=False, interaction_threshold=0.01, fix_imbalance=False, fix_imbalance_method=None, transform_target=False, transform_target_method=box-cox, data_split_shuffle=False, data_split_stratify=False, fold_strategy=kfold, fold=10, fold_shuffle=False, fold_groups=None, n_jobs=-1, use_gpu=False, custom_pipeline=None, html=True, session_id=None, log_experiment=False, experiment_name=None, log_plots=False, log_profile=False, log_data=False, silent=False, verbose=True, profile=False, profile_kwargs=None, display=None)
2021-11-25 00:28:09,634:INFO:Checking environment
2021-11-25 00:28:09,634:INFO:python_version: 3.8.12
2021-11-25 00:28:09,635:INFO:python_build: ('default', 'Oct 12 2021 03:01:40')
2021-11-25 00:28:09,636:INFO:machine: AMD64
2021-11-25 00:28:09,636:INFO:platform: Windows-10-10.0.19044-SP0
2021-11-25 00:28:09,639:WARNING:cannot find psutil installation. memory not traceable. Install psutil using pip to enable memory logging.
2021-11-25 00:28:09,639:INFO:Checking libraries
2021-11-25 00:28:09,639:INFO:pd==1.3.4
2021-11-25 00:28:09,639:INFO:numpy==1.19.5
2021-11-25 00:28:09,640:INFO:sklearn==0.23.2
2021-11-25 00:28:09,640:INFO:lightgbm==3.3.1
2021-11-25 00:28:09,643:WARNING:catboost not found
2021-11-25 00:28:09,643:WARNING:xgboost not found
2021-11-25 00:28:09,643:INFO:mlflow==1.21.0
2021-11-25 00:28:09,646:INFO:Checking Exceptions
2021-11-25 00:28:09,646:INFO:Declaring global variables
2021-11-25 00:28:09,646:INFO:USI: be35
2021-11-25 00:28:09,647:INFO:pycaret_globals: {'X', 'fold_generator', 'fold_groups_param', 'USI', 'n_jobs_param', 'gpu_param', 'transform_target_param', 'fix_imbalance_method_param', 'iterative_imputation_iters_param', '_all_models', 'stratify_param', 'target_param', 'data_before_preprocess', 'create_model_container', 'log_plots_param', '_all_models_internal', 'fix_imbalance_param', 'fold_shuffle_param', 'display_container', '_ml_usecase', 'experiment__', 'pycaret_globals', 'imputation_regressor', 'prep_pipe', 'logging_param', 'seed', 'fold_groups_param_full', '_available_plots', 'exp_name_log', '_internal_pipeline', 'html_param', 'imputation_classifier', 'transform_target_method_param', '_gpu_n_jobs_param', '_all_metrics', 'fold_param', 'master_model_container'}
2021-11-25 00:28:09,647:INFO:Preparing display monitor
2021-11-25 00:28:09,647:INFO:Preparing display monitor
2021-11-25 00:28:09,681:INFO:Importing libraries
2021-11-25 00:28:09,681:INFO:Copying data for preprocessing
2021-11-25 00:28:09,699:INFO:Declaring preprocessing parameters
2021-11-25 00:28:09,705:INFO:Creating preprocessing pipeline
2021-11-25 00:28:09,708:INFO:Preprocessing pipeline created successfully
2021-11-25 00:28:09,708:ERROR:(Process Exit): setup has been interupted with user command 'quit'. setup must rerun.
2021-11-25 00:28:09,708:INFO:Creating global containers
2021-11-25 00:28:09,708:INFO:Internal pipeline: Pipeline(memory=None, steps=[('empty_step', 'passthrough')], verbose=False)
2021-11-25 00:28:12,531:INFO:Creating grid variables
2021-11-25 00:28:12,570:INFO:create_model_container: 0
2021-11-25 00:28:12,571:INFO:master_model_container: 0
2021-11-25 00:28:12,571:INFO:display_container: 1
2021-11-25 00:28:12,590:INFO:Pipeline(memory=None,
         steps=[('dtypes',
                 DataTypes_Auto_infer(categorical_features=[],
                                      display_types=True, features_todrop=[],
                                      id_columns=[], ml_usecase='regression',
                                      numerical_features=[],
                                      target='UNSUPERVISED_DUMMY_TARGET',
                                      time_features=[])),
                ('imputer',
                 Simple_Imputer(categorical_strategy='most frequent',
                                fill_value_categorical=None,
                                fill_value_numerical=None...
                ('scaling', 'passthrough'), ('P_transform', 'passthrough'),
                ('binn', 'passthrough'), ('rem_outliers', 'passthrough'),
                ('cluster_all', 'passthrough'),
                ('dummy', Dummify(target='UNSUPERVISED_DUMMY_TARGET')),
                ('fix_perfect', 'passthrough'),
                ('clean_names', Clean_Colum_Names()),
                ('feature_select', 'passthrough'), ('fix_multi', 'passthrough'),
                ('dfs', 'passthrough'), ('pca', 'passthrough')],
         verbose=False)
2021-11-25 00:28:12,590:INFO:setup() succesfully completed......................................
2021-11-25 00:28:57,299:INFO:Initializing create_model()
2021-11-25 00:28:57,299:INFO:create_model(estimator=iforest, num_clusters=4, fraction=0.05, ground_truth=None, round=4, fit_kwargs=None, verbose=True, system=True, add_to_model_list=True, raise_num_clusters=False, display=None, kwargs={})
2021-11-25 00:28:57,299:INFO:Checking exceptions
2021-11-25 00:28:57,303:INFO:Preparing display monitor
2021-11-25 00:28:57,325:INFO:Importing libraries
2021-11-25 00:28:57,343:INFO:Importing untrained model
2021-11-25 00:28:57,361:INFO:Isolation Forest Imported succesfully
2021-11-25 00:28:57,384:INFO:Fitting Model
2021-11-25 00:28:59,359:INFO:IForest(behaviour='new', bootstrap=False, contamination=0.05,
    max_features=1.0, max_samples='auto', n_estimators=100, n_jobs=-1,
    random_state=4545, verbose=0)
2021-11-25 00:28:59,359:INFO:create_models() succesfully completed......................................
2021-11-25 00:28:59,359:INFO:Uploading results into container
2021-11-25 00:28:59,367:INFO:Uploading model into container now
2021-11-25 00:28:59,371:INFO:create_model_container: 1
2021-11-25 00:28:59,371:INFO:master_model_container: 1
2021-11-25 00:28:59,371:INFO:display_container: 2
2021-11-25 00:28:59,373:INFO:IForest(behaviour='new', bootstrap=False, contamination=0.05,
    max_features=1.0, max_samples='auto', n_estimators=100, n_jobs=-1,
    random_state=4545, verbose=0)
2021-11-25 00:28:59,373:INFO:create_model() succesfully completed......................................
2021-11-25 00:28:59,547:INFO:Initializing plot_model()
2021-11-25 00:28:59,547:INFO:plot_model(fold=None, use_train_data=False, verbose=True, is_in_evaluate=False, display=None, display_format=None, estimator=IForest(behaviour='new', bootstrap=False, contamination=0.05,
    max_features=1.0, max_samples='auto', n_estimators=100, n_jobs=-1,
    random_state=4545, verbose=0), feature_name=None, fit_kwargs=None, groups=None, label=False, plot=tsne, save=False, scale=1, system=True)
2021-11-25 00:28:59,547:INFO:Checking exceptions
2021-11-25 00:28:59,547:INFO:Preparing display monitor
2021-11-25 00:28:59,571:INFO:Preloading libraries
2021-11-25 00:28:59,610:INFO:Copying training dataset
2021-11-25 00:28:59,611:INFO:Plot type: tsne
2021-11-25 00:28:59,772:INFO:SubProcess assign_model() called ==================================
2021-11-25 00:28:59,772:INFO:Initializing assign_model()
2021-11-25 00:28:59,780:INFO:assign_model(model=IForest(behaviour='new', bootstrap=False, contamination=0.05,
    max_features=1.0, max_samples='auto', n_estimators=100, n_jobs=-1,
    random_state=4545, verbose=0), transformation=True, score=False, verbose=False)
2021-11-25 00:28:59,780:INFO:Checking exceptions
2021-11-25 00:28:59,780:INFO:Determining Trained Model
2021-11-25 00:28:59,780:INFO:Trained Model : Isolation Forest
2021-11-25 00:28:59,781:INFO:Copying data
2021-11-25 00:28:59,781:INFO:Transformation param set to True. Assigned clusters are attached on transformed dataset.
2021-11-25 00:28:59,781:INFO:(2000, 3)
2021-11-25 00:28:59,781:INFO:assign_model() succesfully completed......................................
2021-11-25 00:28:59,781:INFO:SubProcess assign_model() end ==================================
2021-11-25 00:28:59,788:INFO:Getting dummies to cast categorical variables
2021-11-25 00:28:59,788:INFO:Fitting TSNE()
2021-11-25 00:29:33,346:INFO:Rendering Visual
2021-11-25 00:29:33,541:INFO:Visual Rendered Successfully
2021-11-25 00:29:33,690:INFO:plot_model() succesfully completed......................................
2021-11-25 00:31:44,913:INFO:Initializing predict_model()
2021-11-25 00:31:44,914:INFO:predict_model(estimator=IForest(behaviour='new', bootstrap=False, contamination=0.05,
    max_features=1.0, max_samples='auto', n_estimators=100, n_jobs=-1,
    random_state=4545, verbose=0), ml_usecase=MLUsecase.ANOMALY)
2021-11-25 00:31:49,716:INFO:Initializing predict_model()
2021-11-25 00:31:49,716:INFO:predict_model(estimator=IForest(behaviour='new', bootstrap=False, contamination=0.05,
    max_features=1.0, max_samples='auto', n_estimators=100, n_jobs=-1,
    random_state=4545, verbose=0), ml_usecase=MLUsecase.ANOMALY)
2021-11-25 00:32:53,237:INFO:Initializing plot_model()
2021-11-25 00:32:53,239:INFO:plot_model(fold=None, use_train_data=False, verbose=True, is_in_evaluate=False, display=None, display_format=None, estimator=           x1        x2  Anomaly  Anomaly_Score
0    3.204626  2.959418        0      -0.116825
1    3.182134  2.504531        1       0.033927
2    3.222285  2.741984        0      -0.053792
3    2.785412  2.859077        0      -0.112039
4    3.216771  2.822140        0      -0.073909
..        ...       ...      ...            ...
445 -0.984878 -0.524151        1       0.119356
446  2.145581  2.793531        1       0.056119
447 -0.442580  2.990939        1       0.083248
448  2.702745  4.639382        1       0.052492
449  4.044053  4.659451        1       0.124681

[450 rows x 4 columns], feature_name=None, fit_kwargs=None, groups=None, label=False, plot=tsne, save=False, scale=1, system=True)
2021-11-25 00:32:53,239:INFO:Checking exceptions
2021-11-25 00:35:08,421:INFO:PyCaret Supervised Module
2021-11-25 00:35:08,422:INFO:ML Usecase: anomaly
2021-11-25 00:35:08,422:INFO:version 2.3.5
2021-11-25 00:35:08,422:INFO:Initializing setup()
2021-11-25 00:35:08,423:INFO:setup(target=None, ml_usecase=anomaly, available_plots={'tsne': 'Anomaly TSnE (3d)', 'umap': 'UMAP Dimensionality'}, train_size=0.7, test_data=None, preprocess=True, imputation_type=simple, iterative_imputation_iters=5, categorical_features=None, categorical_imputation=mode, categorical_iterative_imputer=lightgbm, ordinal_features=None, high_cardinality_features=None, high_cardinality_method=frequency, numeric_features=None, numeric_imputation=mean, numeric_iterative_imputer=lightgbm, date_features=None, ignore_features=None, normalize=False, normalize_method=zscore, transformation=False, transformation_method=yeo-johnson, handle_unknown_categorical=True, unknown_categorical_method=least_frequent, pca=False, pca_method=linear, pca_components=None, ignore_low_variance=False, combine_rare_levels=False, rare_level_threshold=0.1, bin_numeric_features=None, remove_outliers=False, outliers_threshold=0.05, remove_multicollinearity=False, multicollinearity_threshold=0.9, remove_perfect_collinearity=False, create_clusters=False, cluster_iter=20, polynomial_features=False, polynomial_degree=2, trigonometry_features=False, polynomial_threshold=0.1, group_features=None, group_names=None, feature_selection=False, feature_selection_threshold=0.8, feature_selection_method=classic, feature_interaction=False, feature_ratio=False, interaction_threshold=0.01, fix_imbalance=False, fix_imbalance_method=None, transform_target=False, transform_target_method=box-cox, data_split_shuffle=False, data_split_stratify=False, fold_strategy=kfold, fold=10, fold_shuffle=False, fold_groups=None, n_jobs=-1, use_gpu=False, custom_pipeline=None, html=True, session_id=None, log_experiment=False, experiment_name=None, log_plots=False, log_profile=False, log_data=False, silent=False, verbose=False, profile=False, profile_kwargs=None, display=None)
2021-11-25 00:35:08,423:INFO:Checking environment
2021-11-25 00:35:08,423:INFO:python_version: 3.8.12
2021-11-25 00:35:08,424:INFO:python_build: ('default', 'Oct 12 2021 03:01:40')
2021-11-25 00:35:08,424:INFO:machine: AMD64
2021-11-25 00:35:08,424:INFO:platform: Windows-10-10.0.19044-SP0
2021-11-25 00:35:08,428:WARNING:cannot find psutil installation. memory not traceable. Install psutil using pip to enable memory logging.
2021-11-25 00:35:08,429:INFO:Checking libraries
2021-11-25 00:35:08,429:INFO:pd==1.3.4
2021-11-25 00:35:08,429:INFO:numpy==1.19.5
2021-11-25 00:35:08,429:INFO:sklearn==0.23.2
2021-11-25 00:35:08,430:INFO:lightgbm==3.3.1
2021-11-25 00:35:08,432:WARNING:catboost not found
2021-11-25 00:35:08,434:WARNING:xgboost not found
2021-11-25 00:35:08,434:INFO:mlflow==1.21.0
2021-11-25 00:35:08,434:INFO:Checking Exceptions
2021-11-25 00:35:08,435:INFO:Declaring global variables
2021-11-25 00:35:08,435:INFO:USI: b620
2021-11-25 00:35:08,435:INFO:pycaret_globals: {'X', 'fold_generator', 'fold_groups_param', 'USI', 'n_jobs_param', 'gpu_param', 'transform_target_param', 'fix_imbalance_method_param', 'iterative_imputation_iters_param', '_all_models', 'stratify_param', 'target_param', 'data_before_preprocess', 'create_model_container', 'log_plots_param', '_all_models_internal', 'fix_imbalance_param', 'fold_shuffle_param', 'display_container', '_ml_usecase', 'experiment__', 'pycaret_globals', 'imputation_regressor', 'prep_pipe', 'logging_param', 'seed', 'fold_groups_param_full', '_available_plots', 'exp_name_log', '_internal_pipeline', 'html_param', 'imputation_classifier', 'transform_target_method_param', '_gpu_n_jobs_param', '_all_metrics', 'fold_param', 'master_model_container'}
2021-11-25 00:35:08,436:INFO:Preparing display monitor
2021-11-25 00:35:08,436:INFO:Importing libraries
2021-11-25 00:35:08,436:INFO:Copying data for preprocessing
2021-11-25 00:35:08,437:INFO:Declaring preprocessing parameters
2021-11-25 00:35:08,438:INFO:Creating preprocessing pipeline
2021-11-25 00:35:08,448:INFO:Preprocessing pipeline created successfully
2021-11-25 00:35:08,449:ERROR:(Process Exit): setup has been interupted with user command 'quit'. setup must rerun.
2021-11-25 00:35:08,449:INFO:Creating global containers
2021-11-25 00:35:08,450:INFO:Internal pipeline: Pipeline(memory=None, steps=[('empty_step', 'passthrough')], verbose=False)
2021-11-25 00:35:10,169:INFO:Creating grid variables
2021-11-25 00:35:10,173:INFO:create_model_container: 0
2021-11-25 00:35:10,173:INFO:master_model_container: 0
2021-11-25 00:35:10,173:INFO:display_container: 1
2021-11-25 00:35:10,182:INFO:Pipeline(memory=None,
         steps=[('dtypes',
                 DataTypes_Auto_infer(categorical_features=[],
                                      display_types=True, features_todrop=[],
                                      id_columns=[], ml_usecase='regression',
                                      numerical_features=[],
                                      target='UNSUPERVISED_DUMMY_TARGET',
                                      time_features=[])),
                ('imputer',
                 Simple_Imputer(categorical_strategy='most frequent',
                                fill_value_categorical=None,
                                fill_value_numerical=None...
                ('scaling', 'passthrough'), ('P_transform', 'passthrough'),
                ('binn', 'passthrough'), ('rem_outliers', 'passthrough'),
                ('cluster_all', 'passthrough'),
                ('dummy', Dummify(target='UNSUPERVISED_DUMMY_TARGET')),
                ('fix_perfect', 'passthrough'),
                ('clean_names', Clean_Colum_Names()),
                ('feature_select', 'passthrough'), ('fix_multi', 'passthrough'),
                ('dfs', 'passthrough'), ('pca', 'passthrough')],
         verbose=False)
2021-11-25 00:35:10,182:INFO:setup() succesfully completed......................................
2021-11-25 00:35:19,104:INFO:PyCaret Supervised Module
2021-11-25 00:35:19,104:INFO:ML Usecase: anomaly
2021-11-25 00:35:19,104:INFO:version 2.3.5
2021-11-25 00:35:19,104:INFO:Initializing setup()
2021-11-25 00:35:19,104:INFO:setup(target=None, ml_usecase=anomaly, available_plots={'tsne': 'Anomaly TSnE (3d)', 'umap': 'UMAP Dimensionality'}, train_size=0.7, test_data=None, preprocess=True, imputation_type=simple, iterative_imputation_iters=5, categorical_features=None, categorical_imputation=mode, categorical_iterative_imputer=lightgbm, ordinal_features=None, high_cardinality_features=None, high_cardinality_method=frequency, numeric_features=None, numeric_imputation=mean, numeric_iterative_imputer=lightgbm, date_features=None, ignore_features=None, normalize=False, normalize_method=zscore, transformation=False, transformation_method=yeo-johnson, handle_unknown_categorical=True, unknown_categorical_method=least_frequent, pca=False, pca_method=linear, pca_components=None, ignore_low_variance=False, combine_rare_levels=False, rare_level_threshold=0.1, bin_numeric_features=None, remove_outliers=False, outliers_threshold=0.05, remove_multicollinearity=False, multicollinearity_threshold=0.9, remove_perfect_collinearity=False, create_clusters=False, cluster_iter=20, polynomial_features=False, polynomial_degree=2, trigonometry_features=False, polynomial_threshold=0.1, group_features=None, group_names=None, feature_selection=False, feature_selection_threshold=0.8, feature_selection_method=classic, feature_interaction=False, feature_ratio=False, interaction_threshold=0.01, fix_imbalance=False, fix_imbalance_method=None, transform_target=False, transform_target_method=box-cox, data_split_shuffle=False, data_split_stratify=False, fold_strategy=kfold, fold=10, fold_shuffle=False, fold_groups=None, n_jobs=-1, use_gpu=False, custom_pipeline=None, html=True, session_id=None, log_experiment=False, experiment_name=None, log_plots=False, log_profile=False, log_data=False, silent=False, verbose=True, profile=False, profile_kwargs=None, display=None)
2021-11-25 00:35:19,104:INFO:Checking environment
2021-11-25 00:35:19,104:INFO:python_version: 3.8.12
2021-11-25 00:35:19,104:INFO:python_build: ('default', 'Oct 12 2021 03:01:40')
2021-11-25 00:35:19,104:INFO:machine: AMD64
2021-11-25 00:35:19,104:INFO:platform: Windows-10-10.0.19044-SP0
2021-11-25 00:35:19,110:WARNING:cannot find psutil installation. memory not traceable. Install psutil using pip to enable memory logging.
2021-11-25 00:35:19,111:INFO:Checking libraries
2021-11-25 00:35:19,111:INFO:pd==1.3.4
2021-11-25 00:35:19,111:INFO:numpy==1.19.5
2021-11-25 00:35:19,111:INFO:sklearn==0.23.2
2021-11-25 00:35:19,111:INFO:lightgbm==3.3.1
2021-11-25 00:35:19,114:WARNING:catboost not found
2021-11-25 00:35:19,116:WARNING:xgboost not found
2021-11-25 00:35:19,116:INFO:mlflow==1.21.0
2021-11-25 00:35:19,116:INFO:Checking Exceptions
2021-11-25 00:35:19,116:INFO:Declaring global variables
2021-11-25 00:35:19,116:INFO:USI: a30a
2021-11-25 00:35:19,116:INFO:pycaret_globals: {'X', 'fold_generator', 'fold_groups_param', 'USI', 'n_jobs_param', 'gpu_param', 'transform_target_param', 'fix_imbalance_method_param', 'iterative_imputation_iters_param', '_all_models', 'stratify_param', 'target_param', 'data_before_preprocess', 'create_model_container', 'log_plots_param', '_all_models_internal', 'fix_imbalance_param', 'fold_shuffle_param', 'display_container', '_ml_usecase', 'experiment__', 'pycaret_globals', 'imputation_regressor', 'prep_pipe', 'logging_param', 'seed', 'fold_groups_param_full', '_available_plots', 'exp_name_log', '_internal_pipeline', 'html_param', 'imputation_classifier', 'transform_target_method_param', '_gpu_n_jobs_param', '_all_metrics', 'fold_param', 'master_model_container'}
2021-11-25 00:35:19,116:INFO:Preparing display monitor
2021-11-25 00:35:19,116:INFO:Preparing display monitor
2021-11-25 00:35:19,170:INFO:Importing libraries
2021-11-25 00:35:19,170:INFO:Copying data for preprocessing
2021-11-25 00:35:19,196:INFO:Declaring preprocessing parameters
2021-11-25 00:35:19,201:INFO:Creating preprocessing pipeline
2021-11-25 00:35:19,206:INFO:Preprocessing pipeline created successfully
2021-11-25 00:35:19,206:ERROR:(Process Exit): setup has been interupted with user command 'quit'. setup must rerun.
2021-11-25 00:35:19,206:INFO:Creating global containers
2021-11-25 00:35:19,206:INFO:Internal pipeline: Pipeline(memory=None, steps=[('empty_step', 'passthrough')], verbose=False)
2021-11-25 00:35:24,456:INFO:Creating grid variables
2021-11-25 00:35:24,496:INFO:create_model_container: 0
2021-11-25 00:35:24,497:INFO:master_model_container: 0
2021-11-25 00:35:24,497:INFO:display_container: 1
2021-11-25 00:35:24,512:INFO:Pipeline(memory=None,
         steps=[('dtypes',
                 DataTypes_Auto_infer(categorical_features=[],
                                      display_types=True, features_todrop=[],
                                      id_columns=[], ml_usecase='regression',
                                      numerical_features=[],
                                      target='UNSUPERVISED_DUMMY_TARGET',
                                      time_features=[])),
                ('imputer',
                 Simple_Imputer(categorical_strategy='most frequent',
                                fill_value_categorical=None,
                                fill_value_numerical=None...
                ('scaling', 'passthrough'), ('P_transform', 'passthrough'),
                ('binn', 'passthrough'), ('rem_outliers', 'passthrough'),
                ('cluster_all', 'passthrough'),
                ('dummy', Dummify(target='UNSUPERVISED_DUMMY_TARGET')),
                ('fix_perfect', 'passthrough'),
                ('clean_names', Clean_Colum_Names()),
                ('feature_select', 'passthrough'), ('fix_multi', 'passthrough'),
                ('dfs', 'passthrough'), ('pca', 'passthrough')],
         verbose=False)
2021-11-25 00:35:24,512:INFO:setup() succesfully completed......................................
2021-11-25 00:35:43,341:INFO:Initializing create_model()
2021-11-25 00:35:43,350:INFO:create_model(estimator=iforest, num_clusters=4, fraction=0.05, ground_truth=None, round=4, fit_kwargs=None, verbose=True, system=True, add_to_model_list=True, raise_num_clusters=False, display=None, kwargs={})
2021-11-25 00:35:43,350:INFO:Checking exceptions
2021-11-25 00:35:43,350:INFO:Preparing display monitor
2021-11-25 00:35:43,377:INFO:Importing libraries
2021-11-25 00:35:43,403:INFO:Importing untrained model
2021-11-25 00:35:43,429:INFO:Isolation Forest Imported succesfully
2021-11-25 00:35:43,467:INFO:Fitting Model
2021-11-25 00:35:44,763:INFO:IForest(behaviour='new', bootstrap=False, contamination=0.05,
    max_features=1.0, max_samples='auto', n_estimators=100, n_jobs=-1,
    random_state=7961, verbose=0)
2021-11-25 00:35:44,763:INFO:create_models() succesfully completed......................................
2021-11-25 00:35:44,763:INFO:Uploading results into container
2021-11-25 00:35:44,772:INFO:Uploading model into container now
2021-11-25 00:35:44,775:INFO:create_model_container: 1
2021-11-25 00:35:44,775:INFO:master_model_container: 1
2021-11-25 00:35:44,776:INFO:display_container: 2
2021-11-25 00:35:44,776:INFO:IForest(behaviour='new', bootstrap=False, contamination=0.05,
    max_features=1.0, max_samples='auto', n_estimators=100, n_jobs=-1,
    random_state=7961, verbose=0)
2021-11-25 00:35:44,776:INFO:create_model() succesfully completed......................................
2021-11-25 00:35:44,940:INFO:Initializing plot_model()
2021-11-25 00:35:44,940:INFO:plot_model(fold=None, use_train_data=False, verbose=True, is_in_evaluate=False, display=None, display_format=None, estimator=IForest(behaviour='new', bootstrap=False, contamination=0.05,
    max_features=1.0, max_samples='auto', n_estimators=100, n_jobs=-1,
    random_state=7961, verbose=0), feature_name=None, fit_kwargs=None, groups=None, label=False, plot=tsne, save=False, scale=1, system=True)
2021-11-25 00:35:44,940:INFO:Checking exceptions
2021-11-25 00:35:44,940:INFO:Preparing display monitor
2021-11-25 00:35:44,960:INFO:Preloading libraries
2021-11-25 00:35:44,990:INFO:Copying training dataset
2021-11-25 00:35:44,991:INFO:Plot type: tsne
2021-11-25 00:35:45,124:INFO:SubProcess assign_model() called ==================================
2021-11-25 00:35:45,124:INFO:Initializing assign_model()
2021-11-25 00:35:45,124:INFO:assign_model(model=IForest(behaviour='new', bootstrap=False, contamination=0.05,
    max_features=1.0, max_samples='auto', n_estimators=100, n_jobs=-1,
    random_state=7961, verbose=0), transformation=True, score=False, verbose=False)
2021-11-25 00:35:45,124:INFO:Checking exceptions
2021-11-25 00:35:45,124:INFO:Determining Trained Model
2021-11-25 00:35:45,124:INFO:Trained Model : Isolation Forest
2021-11-25 00:35:45,124:INFO:Copying data
2021-11-25 00:35:45,124:INFO:Transformation param set to True. Assigned clusters are attached on transformed dataset.
2021-11-25 00:35:45,124:INFO:(450, 3)
2021-11-25 00:35:45,124:INFO:assign_model() succesfully completed......................................
2021-11-25 00:35:45,124:INFO:SubProcess assign_model() end ==================================
2021-11-25 00:35:45,135:INFO:Getting dummies to cast categorical variables
2021-11-25 00:35:45,136:INFO:Fitting TSNE()
2021-11-25 00:35:51,922:INFO:Rendering Visual
2021-11-25 00:35:52,094:INFO:Visual Rendered Successfully
2021-11-25 00:35:52,355:INFO:plot_model() succesfully completed......................................
2021-11-25 00:40:13,362:INFO:PyCaret Supervised Module
2021-11-25 00:40:13,362:INFO:ML Usecase: anomaly
2021-11-25 00:40:13,363:INFO:version 2.3.5
2021-11-25 00:40:13,363:INFO:Initializing setup()
2021-11-25 00:40:13,363:INFO:setup(target=None, ml_usecase=anomaly, available_plots={'tsne': 'Anomaly TSnE (3d)', 'umap': 'UMAP Dimensionality'}, train_size=0.7, test_data=None, preprocess=True, imputation_type=simple, iterative_imputation_iters=5, categorical_features=None, categorical_imputation=mode, categorical_iterative_imputer=lightgbm, ordinal_features=None, high_cardinality_features=None, high_cardinality_method=frequency, numeric_features=None, numeric_imputation=mean, numeric_iterative_imputer=lightgbm, date_features=None, ignore_features=None, normalize=False, normalize_method=zscore, transformation=False, transformation_method=yeo-johnson, handle_unknown_categorical=True, unknown_categorical_method=least_frequent, pca=False, pca_method=linear, pca_components=None, ignore_low_variance=False, combine_rare_levels=False, rare_level_threshold=0.1, bin_numeric_features=None, remove_outliers=False, outliers_threshold=0.05, remove_multicollinearity=False, multicollinearity_threshold=0.9, remove_perfect_collinearity=False, create_clusters=False, cluster_iter=20, polynomial_features=False, polynomial_degree=2, trigonometry_features=False, polynomial_threshold=0.1, group_features=None, group_names=None, feature_selection=False, feature_selection_threshold=0.8, feature_selection_method=classic, feature_interaction=False, feature_ratio=False, interaction_threshold=0.01, fix_imbalance=False, fix_imbalance_method=None, transform_target=False, transform_target_method=box-cox, data_split_shuffle=False, data_split_stratify=False, fold_strategy=kfold, fold=10, fold_shuffle=False, fold_groups=None, n_jobs=-1, use_gpu=False, custom_pipeline=None, html=True, session_id=None, log_experiment=False, experiment_name=None, log_plots=False, log_profile=False, log_data=False, silent=False, verbose=True, profile=False, profile_kwargs=None, display=None)
2021-11-25 00:40:13,363:INFO:Checking environment
2021-11-25 00:40:13,365:INFO:python_version: 3.8.12
2021-11-25 00:40:13,365:INFO:python_build: ('default', 'Oct 12 2021 03:01:40')
2021-11-25 00:40:13,365:INFO:machine: AMD64
2021-11-25 00:40:13,366:INFO:platform: Windows-10-10.0.19044-SP0
2021-11-25 00:40:13,368:WARNING:cannot find psutil installation. memory not traceable. Install psutil using pip to enable memory logging.
2021-11-25 00:40:13,369:INFO:Checking libraries
2021-11-25 00:40:13,369:INFO:pd==1.3.4
2021-11-25 00:40:13,369:INFO:numpy==1.19.5
2021-11-25 00:40:13,369:INFO:sklearn==0.23.2
2021-11-25 00:40:13,370:INFO:lightgbm==3.3.1
2021-11-25 00:40:13,373:WARNING:catboost not found
2021-11-25 00:40:13,376:WARNING:xgboost not found
2021-11-25 00:40:13,376:INFO:mlflow==1.21.0
2021-11-25 00:40:13,377:INFO:Checking Exceptions
2021-11-25 00:40:13,377:INFO:Declaring global variables
2021-11-25 00:40:13,377:INFO:USI: 3c5d
2021-11-25 00:40:13,378:INFO:pycaret_globals: {'X', 'fold_generator', 'fold_groups_param', 'USI', 'n_jobs_param', 'gpu_param', 'transform_target_param', 'fix_imbalance_method_param', 'iterative_imputation_iters_param', '_all_models', 'stratify_param', 'target_param', 'data_before_preprocess', 'create_model_container', 'log_plots_param', '_all_models_internal', 'fix_imbalance_param', 'fold_shuffle_param', 'display_container', '_ml_usecase', 'experiment__', 'pycaret_globals', 'imputation_regressor', 'prep_pipe', 'logging_param', 'seed', 'fold_groups_param_full', '_available_plots', 'exp_name_log', '_internal_pipeline', 'html_param', 'imputation_classifier', 'transform_target_method_param', '_gpu_n_jobs_param', '_all_metrics', 'fold_param', 'master_model_container'}
2021-11-25 00:40:13,379:INFO:Preparing display monitor
2021-11-25 00:40:13,379:INFO:Preparing display monitor
2021-11-25 00:40:13,419:INFO:Importing libraries
2021-11-25 00:40:13,420:INFO:Copying data for preprocessing
2021-11-25 00:40:13,443:INFO:Declaring preprocessing parameters
2021-11-25 00:40:13,485:INFO:Creating preprocessing pipeline
2021-11-25 00:40:13,499:INFO:Preprocessing pipeline created successfully
2021-11-25 00:40:13,499:ERROR:(Process Exit): setup has been interupted with user command 'quit'. setup must rerun.
2021-11-25 00:40:13,501:INFO:Creating global containers
2021-11-25 00:40:13,502:INFO:Internal pipeline: Pipeline(memory=None, steps=[('empty_step', 'passthrough')], verbose=False)
2021-11-25 00:40:13,720:INFO:Creating grid variables
2021-11-25 00:40:13,738:INFO:create_model_container: 0
2021-11-25 00:40:13,739:INFO:master_model_container: 0
2021-11-25 00:40:13,739:INFO:display_container: 1
2021-11-25 00:40:13,748:INFO:Pipeline(memory=None,
         steps=[('dtypes',
                 DataTypes_Auto_infer(categorical_features=[],
                                      display_types=True, features_todrop=[],
                                      id_columns=[], ml_usecase='regression',
                                      numerical_features=[],
                                      target='UNSUPERVISED_DUMMY_TARGET',
                                      time_features=[])),
                ('imputer',
                 Simple_Imputer(categorical_strategy='most frequent',
                                fill_value_categorical=None,
                                fill_value_numerical=None...
                ('scaling', 'passthrough'), ('P_transform', 'passthrough'),
                ('binn', 'passthrough'), ('rem_outliers', 'passthrough'),
                ('cluster_all', 'passthrough'),
                ('dummy', Dummify(target='UNSUPERVISED_DUMMY_TARGET')),
                ('fix_perfect', 'passthrough'),
                ('clean_names', Clean_Colum_Names()),
                ('feature_select', 'passthrough'), ('fix_multi', 'passthrough'),
                ('dfs', 'passthrough'), ('pca', 'passthrough')],
         verbose=False)
2021-11-25 00:40:13,749:INFO:setup() succesfully completed......................................
2021-11-25 00:40:14,763:INFO:Initializing create_model()
2021-11-25 00:40:14,763:INFO:create_model(estimator=knn, num_clusters=4, fraction=0.05, ground_truth=None, round=4, fit_kwargs=None, verbose=True, system=True, add_to_model_list=True, raise_num_clusters=False, display=None, kwargs={})
2021-11-25 00:40:14,764:INFO:Checking exceptions
2021-11-25 00:40:14,765:INFO:Preparing display monitor
2021-11-25 00:40:14,794:INFO:Importing libraries
2021-11-25 00:40:14,812:INFO:Importing untrained model
2021-11-25 00:40:14,829:INFO:K-Nearest Neighbors Detector Imported succesfully
2021-11-25 00:40:14,851:INFO:Fitting Model
2021-11-25 00:40:14,871:INFO:KNN(algorithm='auto', contamination=0.05, leaf_size=30, method='largest',
  metric='minkowski', metric_params=None, n_jobs=-1, n_neighbors=5, p=2,
  radius=1.0)
2021-11-25 00:40:14,871:INFO:create_models() succesfully completed......................................
2021-11-25 00:40:14,872:INFO:Uploading results into container
2021-11-25 00:40:14,874:INFO:Uploading model into container now
2021-11-25 00:40:14,876:INFO:create_model_container: 1
2021-11-25 00:40:14,876:INFO:master_model_container: 1
2021-11-25 00:40:14,877:INFO:display_container: 2
2021-11-25 00:40:14,878:INFO:KNN(algorithm='auto', contamination=0.05, leaf_size=30, method='largest',
  metric='minkowski', metric_params=None, n_jobs=-1, n_neighbors=5, p=2,
  radius=1.0)
2021-11-25 00:40:14,878:INFO:create_model() succesfully completed......................................
2021-11-25 00:40:15,167:INFO:Initializing plot_model()
2021-11-25 00:40:15,167:INFO:plot_model(fold=None, use_train_data=False, verbose=True, is_in_evaluate=False, display=None, display_format=None, estimator=KNN(algorithm='auto', contamination=0.05, leaf_size=30, method='largest',
  metric='minkowski', metric_params=None, n_jobs=-1, n_neighbors=5, p=2,
  radius=1.0), feature_name=None, fit_kwargs=None, groups=None, label=False, plot=tsne, save=False, scale=1, system=True)
2021-11-25 00:40:15,167:INFO:Checking exceptions
2021-11-25 00:40:15,167:INFO:Preparing display monitor
2021-11-25 00:40:15,186:INFO:Preloading libraries
2021-11-25 00:40:15,190:INFO:Copying training dataset
2021-11-25 00:40:15,191:INFO:Plot type: tsne
2021-11-25 00:40:15,194:INFO:SubProcess assign_model() called ==================================
2021-11-25 00:40:15,196:INFO:Initializing assign_model()
2021-11-25 00:40:15,196:INFO:assign_model(model=KNN(algorithm='auto', contamination=0.05, leaf_size=30, method='largest',
  metric='minkowski', metric_params=None, n_jobs=-1, n_neighbors=5, p=2,
  radius=1.0), transformation=True, score=False, verbose=False)
2021-11-25 00:40:15,196:INFO:Checking exceptions
2021-11-25 00:40:15,197:INFO:Determining Trained Model
2021-11-25 00:40:15,198:INFO:Trained Model : K-Nearest Neighbors Detector
2021-11-25 00:40:15,198:INFO:Copying data
2021-11-25 00:40:15,199:INFO:Transformation param set to True. Assigned clusters are attached on transformed dataset.
2021-11-25 00:40:28,050:INFO:Initializing create_model()
2021-11-25 00:40:28,051:INFO:create_model(estimator=knn, num_clusters=4, fraction=0.05, ground_truth=None, round=4, fit_kwargs=None, verbose=True, system=True, add_to_model_list=True, raise_num_clusters=False, display=None, kwargs={})
2021-11-25 00:40:28,051:INFO:Checking exceptions
2021-11-25 00:40:28,051:INFO:Preparing display monitor
2021-11-25 00:40:28,080:INFO:Importing libraries
2021-11-25 00:40:28,115:INFO:Importing untrained model
2021-11-25 00:40:28,155:INFO:K-Nearest Neighbors Detector Imported succesfully
2021-11-25 00:40:28,186:INFO:Fitting Model
2021-11-25 00:40:28,228:INFO:KNN(algorithm='auto', contamination=0.05, leaf_size=30, method='largest',
  metric='minkowski', metric_params=None, n_jobs=-1, n_neighbors=5, p=2,
  radius=1.0)
2021-11-25 00:40:28,231:INFO:create_models() succesfully completed......................................
2021-11-25 00:40:28,233:INFO:Uploading results into container
2021-11-25 00:40:28,233:INFO:Uploading model into container now
2021-11-25 00:40:28,233:INFO:create_model_container: 2
2021-11-25 00:40:28,239:INFO:master_model_container: 2
2021-11-25 00:40:28,240:INFO:display_container: 3
2021-11-25 00:40:28,242:INFO:KNN(algorithm='auto', contamination=0.05, leaf_size=30, method='largest',
  metric='minkowski', metric_params=None, n_jobs=-1, n_neighbors=5, p=2,
  radius=1.0)
2021-11-25 00:40:28,242:INFO:create_model() succesfully completed......................................
2021-11-25 00:40:28,569:INFO:Initializing plot_model()
2021-11-25 00:40:28,574:INFO:plot_model(fold=None, use_train_data=False, verbose=True, is_in_evaluate=False, display=None, display_format=None, estimator=KNN(algorithm='auto', contamination=0.05, leaf_size=30, method='largest',
  metric='minkowski', metric_params=None, n_jobs=-1, n_neighbors=5, p=2,
  radius=1.0), feature_name=None, fit_kwargs=None, groups=None, label=False, plot=tsne, save=False, scale=1, system=True)
2021-11-25 00:40:28,574:INFO:Checking exceptions
2021-11-25 00:40:28,574:INFO:Preparing display monitor
2021-11-25 00:40:28,595:INFO:Preloading libraries
2021-11-25 00:40:28,601:INFO:Copying training dataset
2021-11-25 00:40:28,602:INFO:Plot type: tsne
2021-11-25 00:40:28,606:INFO:SubProcess assign_model() called ==================================
2021-11-25 00:40:28,608:INFO:Initializing assign_model()
2021-11-25 00:40:28,609:INFO:assign_model(model=KNN(algorithm='auto', contamination=0.05, leaf_size=30, method='largest',
  metric='minkowski', metric_params=None, n_jobs=-1, n_neighbors=5, p=2,
  radius=1.0), transformation=True, score=False, verbose=False)
2021-11-25 00:40:28,609:INFO:Checking exceptions
2021-11-25 00:40:28,609:INFO:Determining Trained Model
2021-11-25 00:40:28,610:INFO:Trained Model : K-Nearest Neighbors Detector
2021-11-25 00:40:28,611:INFO:Copying data
2021-11-25 00:40:28,612:INFO:Transformation param set to True. Assigned clusters are attached on transformed dataset.
2021-11-25 00:40:28,614:INFO:(450, 3)
2021-11-25 00:40:28,615:INFO:assign_model() succesfully completed......................................
2021-11-25 00:40:28,616:INFO:SubProcess assign_model() end ==================================
2021-11-25 00:40:28,625:INFO:Getting dummies to cast categorical variables
2021-11-25 00:40:28,625:INFO:Fitting TSNE()
2021-11-25 00:40:34,944:INFO:Rendering Visual
2021-11-25 00:40:35,101:INFO:Visual Rendered Successfully
2021-11-25 00:40:35,385:INFO:plot_model() succesfully completed......................................
2021-11-25 00:42:25,242:INFO:Initializing create_model()
2021-11-25 00:42:25,242:INFO:create_model(estimator=knn, num_clusters=4, fraction=0.2, ground_truth=None, round=4, fit_kwargs=None, verbose=True, system=True, add_to_model_list=True, raise_num_clusters=False, display=None, kwargs={})
2021-11-25 00:42:25,243:INFO:Checking exceptions
2021-11-25 00:42:25,244:INFO:Preparing display monitor
2021-11-25 00:42:25,270:INFO:Importing libraries
2021-11-25 00:42:25,293:INFO:Importing untrained model
2021-11-25 00:42:25,311:INFO:K-Nearest Neighbors Detector Imported succesfully
2021-11-25 00:42:25,342:INFO:Fitting Model
2021-11-25 00:42:25,371:INFO:KNN(algorithm='auto', contamination=0.2, leaf_size=30, method='largest',
  metric='minkowski', metric_params=None, n_jobs=-1, n_neighbors=5, p=2,
  radius=1.0)
2021-11-25 00:42:25,371:INFO:create_models() succesfully completed......................................
2021-11-25 00:42:25,371:INFO:Uploading results into container
2021-11-25 00:42:25,376:INFO:Uploading model into container now
2021-11-25 00:42:25,378:INFO:create_model_container: 3
2021-11-25 00:42:25,378:INFO:master_model_container: 3
2021-11-25 00:42:25,379:INFO:display_container: 4
2021-11-25 00:42:25,380:INFO:KNN(algorithm='auto', contamination=0.2, leaf_size=30, method='largest',
  metric='minkowski', metric_params=None, n_jobs=-1, n_neighbors=5, p=2,
  radius=1.0)
2021-11-25 00:42:25,380:INFO:create_model() succesfully completed......................................
2021-11-25 00:42:25,687:INFO:Initializing plot_model()
2021-11-25 00:42:25,687:INFO:plot_model(fold=None, use_train_data=False, verbose=True, is_in_evaluate=False, display=None, display_format=None, estimator=KNN(algorithm='auto', contamination=0.2, leaf_size=30, method='largest',
  metric='minkowski', metric_params=None, n_jobs=-1, n_neighbors=5, p=2,
  radius=1.0), feature_name=None, fit_kwargs=None, groups=None, label=False, plot=tsne, save=False, scale=1, system=True)
2021-11-25 00:42:25,687:INFO:Checking exceptions
2021-11-25 00:42:25,687:INFO:Preparing display monitor
2021-11-25 00:42:25,711:INFO:Preloading libraries
2021-11-25 00:42:25,714:INFO:Copying training dataset
2021-11-25 00:42:25,715:INFO:Plot type: tsne
2021-11-25 00:42:25,718:INFO:SubProcess assign_model() called ==================================
2021-11-25 00:42:25,719:INFO:Initializing assign_model()
2021-11-25 00:42:25,719:INFO:assign_model(model=KNN(algorithm='auto', contamination=0.2, leaf_size=30, method='largest',
  metric='minkowski', metric_params=None, n_jobs=-1, n_neighbors=5, p=2,
  radius=1.0), transformation=True, score=False, verbose=False)
2021-11-25 00:42:25,720:INFO:Checking exceptions
2021-11-25 00:42:25,720:INFO:Determining Trained Model
2021-11-25 00:42:25,721:INFO:Trained Model : K-Nearest Neighbors Detector
2021-11-25 00:42:25,721:INFO:Copying data
2021-11-25 00:42:25,721:INFO:Transformation param set to True. Assigned clusters are attached on transformed dataset.
2021-11-25 00:42:25,723:INFO:(450, 3)
2021-11-25 00:42:25,723:INFO:assign_model() succesfully completed......................................
2021-11-25 00:42:25,724:INFO:SubProcess assign_model() end ==================================
2021-11-25 00:42:25,729:INFO:Getting dummies to cast categorical variables
2021-11-25 00:42:25,730:INFO:Fitting TSNE()
2021-11-25 00:42:32,543:INFO:Rendering Visual
2021-11-25 00:42:32,694:INFO:Visual Rendered Successfully
2021-11-25 00:42:33,009:INFO:plot_model() succesfully completed......................................
2021-11-25 00:43:20,798:INFO:Initializing create_model()
2021-11-25 00:43:20,803:INFO:create_model(estimator=knn, num_clusters=4, fraction=0.02, ground_truth=None, round=4, fit_kwargs=None, verbose=True, system=True, add_to_model_list=True, raise_num_clusters=False, display=None, kwargs={})
2021-11-25 00:43:20,803:INFO:Checking exceptions
2021-11-25 00:43:20,804:INFO:Preparing display monitor
2021-11-25 00:43:20,834:INFO:Importing libraries
2021-11-25 00:43:20,852:INFO:Importing untrained model
2021-11-25 00:43:20,869:INFO:K-Nearest Neighbors Detector Imported succesfully
2021-11-25 00:43:20,890:INFO:Fitting Model
2021-11-25 00:43:20,912:INFO:KNN(algorithm='auto', contamination=0.02, leaf_size=30, method='largest',
  metric='minkowski', metric_params=None, n_jobs=-1, n_neighbors=5, p=2,
  radius=1.0)
2021-11-25 00:43:20,912:INFO:create_models() succesfully completed......................................
2021-11-25 00:43:20,913:INFO:Uploading results into container
2021-11-25 00:43:20,913:INFO:Uploading model into container now
2021-11-25 00:43:20,916:INFO:create_model_container: 4
2021-11-25 00:43:20,916:INFO:master_model_container: 4
2021-11-25 00:43:20,916:INFO:display_container: 5
2021-11-25 00:43:20,917:INFO:KNN(algorithm='auto', contamination=0.02, leaf_size=30, method='largest',
  metric='minkowski', metric_params=None, n_jobs=-1, n_neighbors=5, p=2,
  radius=1.0)
2021-11-25 00:43:20,917:INFO:create_model() succesfully completed......................................
2021-11-25 00:43:21,189:INFO:Initializing plot_model()
2021-11-25 00:43:21,193:INFO:plot_model(fold=None, use_train_data=False, verbose=True, is_in_evaluate=False, display=None, display_format=None, estimator=KNN(algorithm='auto', contamination=0.02, leaf_size=30, method='largest',
  metric='minkowski', metric_params=None, n_jobs=-1, n_neighbors=5, p=2,
  radius=1.0), feature_name=None, fit_kwargs=None, groups=None, label=False, plot=tsne, save=False, scale=1, system=True)
2021-11-25 00:43:21,193:INFO:Checking exceptions
2021-11-25 00:43:21,193:INFO:Preparing display monitor
2021-11-25 00:43:21,211:INFO:Preloading libraries
2021-11-25 00:43:21,214:INFO:Copying training dataset
2021-11-25 00:43:21,214:INFO:Plot type: tsne
2021-11-25 00:43:21,217:INFO:SubProcess assign_model() called ==================================
2021-11-25 00:43:21,217:INFO:Initializing assign_model()
2021-11-25 00:43:21,218:INFO:assign_model(model=KNN(algorithm='auto', contamination=0.02, leaf_size=30, method='largest',
  metric='minkowski', metric_params=None, n_jobs=-1, n_neighbors=5, p=2,
  radius=1.0), transformation=True, score=False, verbose=False)
2021-11-25 00:43:21,218:INFO:Checking exceptions
2021-11-25 00:43:21,218:INFO:Determining Trained Model
2021-11-25 00:43:21,218:INFO:Trained Model : K-Nearest Neighbors Detector
2021-11-25 00:43:21,218:INFO:Copying data
2021-11-25 00:43:21,218:INFO:Transformation param set to True. Assigned clusters are attached on transformed dataset.
2021-11-25 00:43:21,218:INFO:(450, 3)
2021-11-25 00:43:21,218:INFO:assign_model() succesfully completed......................................
2021-11-25 00:43:21,218:INFO:SubProcess assign_model() end ==================================
2021-11-25 00:43:21,230:INFO:Getting dummies to cast categorical variables
2021-11-25 00:43:21,231:INFO:Fitting TSNE()
2021-11-25 00:43:27,846:INFO:Rendering Visual
2021-11-25 00:43:28,045:INFO:Visual Rendered Successfully
2021-11-25 00:43:28,350:INFO:plot_model() succesfully completed......................................
2021-11-25 00:43:44,379:INFO:Initializing predict_model()
2021-11-25 00:43:44,379:INFO:predict_model(estimator=KNN(algorithm='auto', contamination=0.02, leaf_size=30, method='largest',
  metric='minkowski', metric_params=None, n_jobs=-1, n_neighbors=5, p=2,
  radius=1.0), ml_usecase=MLUsecase.ANOMALY)
2021-11-25 00:44:47,238:INFO:Initializing create_model()
2021-11-25 00:44:47,238:INFO:create_model(estimator=knn, num_clusters=4, fraction=0.05, ground_truth=None, round=4, fit_kwargs=None, verbose=True, system=True, add_to_model_list=True, raise_num_clusters=False, display=None, kwargs={})
2021-11-25 00:44:47,238:INFO:Checking exceptions
2021-11-25 00:44:47,238:INFO:Preparing display monitor
2021-11-25 00:44:47,275:INFO:Importing libraries
2021-11-25 00:44:47,296:INFO:Importing untrained model
2021-11-25 00:44:47,319:INFO:K-Nearest Neighbors Detector Imported succesfully
2021-11-25 00:44:47,349:INFO:Fitting Model
2021-11-25 00:44:47,372:INFO:KNN(algorithm='auto', contamination=0.05, leaf_size=30, method='largest',
  metric='minkowski', metric_params=None, n_jobs=-1, n_neighbors=5, p=2,
  radius=1.0)
2021-11-25 00:44:47,372:INFO:create_models() succesfully completed......................................
2021-11-25 00:44:47,372:INFO:Uploading results into container
2021-11-25 00:44:47,377:INFO:Uploading model into container now
2021-11-25 00:44:47,380:INFO:create_model_container: 5
2021-11-25 00:44:47,381:INFO:master_model_container: 5
2021-11-25 00:44:47,381:INFO:display_container: 6
2021-11-25 00:44:47,383:INFO:KNN(algorithm='auto', contamination=0.05, leaf_size=30, method='largest',
  metric='minkowski', metric_params=None, n_jobs=-1, n_neighbors=5, p=2,
  radius=1.0)
2021-11-25 00:44:47,383:INFO:create_model() succesfully completed......................................
2021-11-25 00:44:47,728:INFO:Initializing plot_model()
2021-11-25 00:44:47,728:INFO:plot_model(fold=None, use_train_data=False, verbose=True, is_in_evaluate=False, display=None, display_format=None, estimator=KNN(algorithm='auto', contamination=0.05, leaf_size=30, method='largest',
  metric='minkowski', metric_params=None, n_jobs=-1, n_neighbors=5, p=2,
  radius=1.0), feature_name=None, fit_kwargs=None, groups=None, label=False, plot=tsne, save=False, scale=1, system=True)
2021-11-25 00:44:47,728:INFO:Checking exceptions
2021-11-25 00:44:47,728:INFO:Preparing display monitor
2021-11-25 00:44:47,752:INFO:Preloading libraries
2021-11-25 00:44:47,757:INFO:Copying training dataset
2021-11-25 00:44:47,759:INFO:Plot type: tsne
2021-11-25 00:44:47,762:INFO:SubProcess assign_model() called ==================================
2021-11-25 00:44:47,763:INFO:Initializing assign_model()
2021-11-25 00:44:47,764:INFO:assign_model(model=KNN(algorithm='auto', contamination=0.05, leaf_size=30, method='largest',
  metric='minkowski', metric_params=None, n_jobs=-1, n_neighbors=5, p=2,
  radius=1.0), transformation=True, score=False, verbose=False)
2021-11-25 00:44:47,764:INFO:Checking exceptions
2021-11-25 00:44:47,765:INFO:Determining Trained Model
2021-11-25 00:44:47,765:INFO:Trained Model : K-Nearest Neighbors Detector
2021-11-25 00:44:47,765:INFO:Copying data
2021-11-25 00:44:47,765:INFO:Transformation param set to True. Assigned clusters are attached on transformed dataset.
2021-11-25 00:44:47,768:INFO:(450, 3)
2021-11-25 00:44:47,770:INFO:assign_model() succesfully completed......................................
2021-11-25 00:44:47,770:INFO:SubProcess assign_model() end ==================================
2021-11-25 00:44:47,778:INFO:Getting dummies to cast categorical variables
2021-11-25 00:44:47,778:INFO:Fitting TSNE()
2021-11-25 00:44:56,207:INFO:Rendering Visual
2021-11-25 00:44:56,373:INFO:Visual Rendered Successfully
2021-11-25 00:44:56,728:INFO:plot_model() succesfully completed......................................
2021-11-25 00:44:56,745:INFO:Initializing predict_model()
2021-11-25 00:44:56,745:INFO:predict_model(estimator=KNN(algorithm='auto', contamination=0.05, leaf_size=30, method='largest',
  metric='minkowski', metric_params=None, n_jobs=-1, n_neighbors=5, p=2,
  radius=1.0), ml_usecase=MLUsecase.ANOMALY)
2021-11-25 13:23:38,704:INFO:PyCaret Supervised Module
2021-11-25 13:23:38,705:INFO:ML Usecase: anomaly
2021-11-25 13:23:38,705:INFO:version 2.3.5
2021-11-25 13:23:38,705:INFO:Initializing setup()
2021-11-25 13:23:38,705:INFO:setup(target=None, ml_usecase=anomaly, available_plots={'tsne': 'Anomaly TSnE (3d)', 'umap': 'UMAP Dimensionality'}, train_size=0.7, test_data=None, preprocess=True, imputation_type=simple, iterative_imputation_iters=5, categorical_features=None, categorical_imputation=mode, categorical_iterative_imputer=lightgbm, ordinal_features=None, high_cardinality_features=None, high_cardinality_method=frequency, numeric_features=None, numeric_imputation=mean, numeric_iterative_imputer=lightgbm, date_features=None, ignore_features=None, normalize=False, normalize_method=zscore, transformation=False, transformation_method=yeo-johnson, handle_unknown_categorical=True, unknown_categorical_method=least_frequent, pca=False, pca_method=linear, pca_components=None, ignore_low_variance=False, combine_rare_levels=False, rare_level_threshold=0.1, bin_numeric_features=None, remove_outliers=False, outliers_threshold=0.05, remove_multicollinearity=False, multicollinearity_threshold=0.9, remove_perfect_collinearity=False, create_clusters=False, cluster_iter=20, polynomial_features=False, polynomial_degree=2, trigonometry_features=False, polynomial_threshold=0.1, group_features=None, group_names=None, feature_selection=False, feature_selection_threshold=0.8, feature_selection_method=classic, feature_interaction=False, feature_ratio=False, interaction_threshold=0.01, fix_imbalance=False, fix_imbalance_method=None, transform_target=False, transform_target_method=box-cox, data_split_shuffle=False, data_split_stratify=False, fold_strategy=kfold, fold=10, fold_shuffle=False, fold_groups=None, n_jobs=-1, use_gpu=False, custom_pipeline=None, html=True, session_id=None, log_experiment=False, experiment_name=None, log_plots=False, log_profile=False, log_data=False, silent=False, verbose=True, profile=False, profile_kwargs=None, display=None)
2021-11-25 13:23:38,705:INFO:Checking environment
2021-11-25 13:23:38,705:INFO:python_version: 3.8.12
2021-11-25 13:23:38,705:INFO:python_build: ('default', 'Oct 12 2021 03:01:40')
2021-11-25 13:23:38,705:INFO:machine: AMD64
2021-11-25 13:23:38,706:INFO:platform: Windows-10-10.0.19044-SP0
2021-11-25 13:23:38,707:WARNING:cannot find psutil installation. memory not traceable. Install psutil using pip to enable memory logging.
2021-11-25 13:23:38,707:INFO:Checking libraries
2021-11-25 13:23:38,707:INFO:pd==1.3.4
2021-11-25 13:23:38,707:INFO:numpy==1.19.5
2021-11-25 13:23:38,707:INFO:sklearn==0.23.2
2021-11-25 13:23:38,707:INFO:lightgbm==3.3.1
2021-11-25 13:23:38,708:WARNING:catboost not found
2021-11-25 13:23:38,709:WARNING:xgboost not found
2021-11-25 13:23:40,308:INFO:mlflow==1.21.0
2021-11-25 13:23:40,308:INFO:Checking Exceptions
2021-11-25 13:23:40,308:INFO:Declaring global variables
2021-11-25 13:23:40,309:INFO:USI: 3103
2021-11-25 13:23:40,309:INFO:pycaret_globals: {'prep_pipe', 'target_param', 'data_before_preprocess', 'seed', 'exp_name_log', 'create_model_container', 'imputation_classifier', '_ml_usecase', 'gpu_param', '_all_models_internal', 'display_container', '_gpu_n_jobs_param', 'fold_shuffle_param', 'fold_groups_param', 'logging_param', 'transform_target_method_param', 'log_plots_param', 'fix_imbalance_method_param', 'X', 'fold_groups_param_full', 'fold_generator', 'pycaret_globals', 'fix_imbalance_param', 'USI', '_available_plots', 'experiment__', '_all_metrics', 'fold_param', '_all_models', 'imputation_regressor', 'html_param', 'stratify_param', 'master_model_container', 'n_jobs_param', 'transform_target_param', '_internal_pipeline', 'iterative_imputation_iters_param'}
2021-11-25 13:23:40,309:INFO:Preparing display monitor
2021-11-25 13:23:40,309:INFO:Preparing display monitor
2021-11-25 13:23:40,328:INFO:Importing libraries
2021-11-25 13:23:40,329:INFO:Copying data for preprocessing
2021-11-25 13:23:40,341:INFO:Declaring preprocessing parameters
2021-11-25 13:23:40,347:INFO:Creating preprocessing pipeline
2021-11-25 13:23:40,364:INFO:Preprocessing pipeline created successfully
2021-11-25 13:23:40,364:ERROR:(Process Exit): setup has been interupted with user command 'quit'. setup must rerun.
2021-11-25 13:23:40,364:INFO:Creating global containers
2021-11-25 13:23:40,367:INFO:Internal pipeline: Pipeline(memory=None, steps=[('empty_step', 'passthrough')], verbose=False)
2021-11-25 13:24:12,297:INFO:Creating grid variables
2021-11-25 13:24:12,326:INFO:create_model_container: 0
2021-11-25 13:24:12,326:INFO:master_model_container: 0
2021-11-25 13:24:12,326:INFO:display_container: 1
2021-11-25 13:24:12,339:INFO:Pipeline(memory=None,
         steps=[('dtypes',
                 DataTypes_Auto_infer(categorical_features=[],
                                      display_types=True, features_todrop=[],
                                      id_columns=[], ml_usecase='regression',
                                      numerical_features=[],
                                      target='UNSUPERVISED_DUMMY_TARGET',
                                      time_features=[])),
                ('imputer',
                 Simple_Imputer(categorical_strategy='most frequent',
                                fill_value_categorical=None,
                                fill_value_numerical=None...
                ('scaling', 'passthrough'), ('P_transform', 'passthrough'),
                ('binn', 'passthrough'), ('rem_outliers', 'passthrough'),
                ('cluster_all', 'passthrough'),
                ('dummy', Dummify(target='UNSUPERVISED_DUMMY_TARGET')),
                ('fix_perfect', 'passthrough'),
                ('clean_names', Clean_Colum_Names()),
                ('feature_select', 'passthrough'), ('fix_multi', 'passthrough'),
                ('dfs', 'passthrough'), ('pca', 'passthrough')],
         verbose=False)
2021-11-25 13:24:12,339:INFO:setup() succesfully completed......................................
2021-11-25 13:24:12,542:INFO:Initializing create_model()
2021-11-25 13:24:12,543:INFO:create_model(estimator=iforest, num_clusters=4, fraction=0.05, ground_truth=None, round=4, fit_kwargs=None, verbose=True, system=True, add_to_model_list=True, raise_num_clusters=False, display=None, kwargs={})
2021-11-25 13:24:12,544:INFO:Checking exceptions
2021-11-25 13:24:12,544:INFO:Preparing display monitor
2021-11-25 13:24:12,594:INFO:Importing libraries
2021-11-25 13:24:12,612:INFO:Importing untrained model
2021-11-25 13:24:12,634:INFO:Isolation Forest Imported succesfully
2021-11-25 13:24:12,654:INFO:Fitting Model
2021-11-25 13:24:13,784:INFO:IForest(behaviour='new', bootstrap=False, contamination=0.05,
    max_features=1.0, max_samples='auto', n_estimators=100, n_jobs=-1,
    random_state=8041, verbose=0)
2021-11-25 13:24:13,785:INFO:create_models() succesfully completed......................................
2021-11-25 13:24:13,786:INFO:Uploading results into container
2021-11-25 13:24:13,787:INFO:Uploading model into container now
2021-11-25 13:24:13,788:INFO:create_model_container: 1
2021-11-25 13:24:13,790:INFO:master_model_container: 1
2021-11-25 13:24:13,790:INFO:display_container: 2
2021-11-25 13:24:13,791:INFO:IForest(behaviour='new', bootstrap=False, contamination=0.05,
    max_features=1.0, max_samples='auto', n_estimators=100, n_jobs=-1,
    random_state=8041, verbose=0)
2021-11-25 13:24:13,791:INFO:create_model() succesfully completed......................................
2021-11-25 13:24:13,912:INFO:Initializing plot_model()
2021-11-25 13:24:13,912:INFO:plot_model(fold=None, use_train_data=False, verbose=True, is_in_evaluate=False, display=None, display_format=None, estimator=IForest(behaviour='new', bootstrap=False, contamination=0.05,
    max_features=1.0, max_samples='auto', n_estimators=100, n_jobs=-1,
    random_state=8041, verbose=0), feature_name=None, fit_kwargs=None, groups=None, label=False, plot=tsne, save=False, scale=1, system=True)
2021-11-25 13:24:13,916:INFO:Checking exceptions
2021-11-25 13:24:13,917:INFO:Preparing display monitor
2021-11-25 13:24:13,935:INFO:Preloading libraries
2021-11-25 13:24:13,968:INFO:Copying training dataset
2021-11-25 13:24:13,969:INFO:Plot type: tsne
2021-11-25 13:24:14,068:INFO:SubProcess assign_model() called ==================================
2021-11-25 13:24:14,069:INFO:Initializing assign_model()
2021-11-25 13:24:14,069:INFO:assign_model(model=IForest(behaviour='new', bootstrap=False, contamination=0.05,
    max_features=1.0, max_samples='auto', n_estimators=100, n_jobs=-1,
    random_state=8041, verbose=0), transformation=True, score=False, verbose=False)
2021-11-25 13:24:14,069:INFO:Checking exceptions
2021-11-25 13:24:14,069:INFO:Determining Trained Model
2021-11-25 13:24:14,070:INFO:Trained Model : Isolation Forest
2021-11-25 13:24:14,070:INFO:Copying data
2021-11-25 13:24:14,071:INFO:Transformation param set to True. Assigned clusters are attached on transformed dataset.
2021-11-25 13:24:14,072:INFO:(1000, 11)
2021-11-25 13:24:14,072:INFO:assign_model() succesfully completed......................................
2021-11-25 13:24:14,072:INFO:SubProcess assign_model() end ==================================
2021-11-25 13:24:14,078:INFO:Getting dummies to cast categorical variables
2021-11-25 13:24:14,079:INFO:Fitting TSNE()
2021-11-25 13:24:38,004:INFO:Rendering Visual
2021-11-25 13:24:40,649:INFO:Visual Rendered Successfully
2021-11-25 13:24:40,768:INFO:plot_model() succesfully completed......................................
2021-11-25 13:26:16,800:INFO:PyCaret Supervised Module
2021-11-25 13:26:16,800:INFO:ML Usecase: anomaly
2021-11-25 13:26:16,801:INFO:version 2.3.5
2021-11-25 13:26:16,802:INFO:Initializing setup()
2021-11-25 13:26:16,802:INFO:setup(target=None, ml_usecase=anomaly, available_plots={'tsne': 'Anomaly TSnE (3d)', 'umap': 'UMAP Dimensionality'}, train_size=0.7, test_data=None, preprocess=True, imputation_type=simple, iterative_imputation_iters=5, categorical_features=None, categorical_imputation=mode, categorical_iterative_imputer=lightgbm, ordinal_features=None, high_cardinality_features=None, high_cardinality_method=frequency, numeric_features=None, numeric_imputation=mean, numeric_iterative_imputer=lightgbm, date_features=None, ignore_features=None, normalize=False, normalize_method=zscore, transformation=False, transformation_method=yeo-johnson, handle_unknown_categorical=True, unknown_categorical_method=least_frequent, pca=False, pca_method=linear, pca_components=None, ignore_low_variance=False, combine_rare_levels=False, rare_level_threshold=0.1, bin_numeric_features=None, remove_outliers=False, outliers_threshold=0.05, remove_multicollinearity=False, multicollinearity_threshold=0.9, remove_perfect_collinearity=False, create_clusters=False, cluster_iter=20, polynomial_features=False, polynomial_degree=2, trigonometry_features=False, polynomial_threshold=0.1, group_features=None, group_names=None, feature_selection=False, feature_selection_threshold=0.8, feature_selection_method=classic, feature_interaction=False, feature_ratio=False, interaction_threshold=0.01, fix_imbalance=False, fix_imbalance_method=None, transform_target=False, transform_target_method=box-cox, data_split_shuffle=False, data_split_stratify=False, fold_strategy=kfold, fold=10, fold_shuffle=False, fold_groups=None, n_jobs=-1, use_gpu=False, custom_pipeline=None, html=True, session_id=None, log_experiment=False, experiment_name=None, log_plots=False, log_profile=False, log_data=False, silent=False, verbose=True, profile=False, profile_kwargs=None, display=None)
2021-11-25 13:26:16,802:INFO:Checking environment
2021-11-25 13:26:16,803:INFO:python_version: 3.8.12
2021-11-25 13:26:16,803:INFO:python_build: ('default', 'Oct 12 2021 03:01:40')
2021-11-25 13:26:16,803:INFO:machine: AMD64
2021-11-25 13:26:16,804:INFO:platform: Windows-10-10.0.19044-SP0
2021-11-25 13:26:16,808:WARNING:cannot find psutil installation. memory not traceable. Install psutil using pip to enable memory logging.
2021-11-25 13:26:16,808:INFO:Checking libraries
2021-11-25 13:26:16,808:INFO:pd==1.3.4
2021-11-25 13:26:16,808:INFO:numpy==1.19.5
2021-11-25 13:26:16,809:INFO:sklearn==0.23.2
2021-11-25 13:26:16,809:INFO:lightgbm==3.3.1
2021-11-25 13:26:16,813:WARNING:catboost not found
2021-11-25 13:26:16,817:WARNING:xgboost not found
2021-11-25 13:26:16,817:INFO:mlflow==1.21.0
2021-11-25 13:26:16,817:INFO:Checking Exceptions
2021-11-25 13:26:16,818:INFO:Declaring global variables
2021-11-25 13:26:16,818:INFO:USI: 751f
2021-11-25 13:26:16,819:INFO:pycaret_globals: {'prep_pipe', 'target_param', 'data_before_preprocess', 'seed', 'exp_name_log', 'create_model_container', 'imputation_classifier', '_ml_usecase', 'gpu_param', '_all_models_internal', 'display_container', '_gpu_n_jobs_param', 'fold_shuffle_param', 'fold_groups_param', 'logging_param', 'transform_target_method_param', 'log_plots_param', 'fix_imbalance_method_param', 'X', 'fold_groups_param_full', 'fold_generator', 'pycaret_globals', 'fix_imbalance_param', 'USI', '_available_plots', 'experiment__', '_all_metrics', 'fold_param', '_all_models', 'imputation_regressor', 'html_param', 'stratify_param', 'master_model_container', 'n_jobs_param', 'transform_target_param', '_internal_pipeline', 'iterative_imputation_iters_param'}
2021-11-25 13:26:16,819:INFO:Preparing display monitor
2021-11-25 13:26:16,819:INFO:Preparing display monitor
2021-11-25 13:26:16,875:INFO:Importing libraries
2021-11-25 13:26:16,875:INFO:Copying data for preprocessing
2021-11-25 13:26:16,896:INFO:Declaring preprocessing parameters
2021-11-25 13:26:16,901:INFO:Creating preprocessing pipeline
2021-11-25 13:26:16,910:INFO:Preprocessing pipeline created successfully
2021-11-25 13:26:16,911:ERROR:(Process Exit): setup has been interupted with user command 'quit'. setup must rerun.
2021-11-25 13:26:16,911:INFO:Creating global containers
2021-11-25 13:26:16,912:INFO:Internal pipeline: Pipeline(memory=None, steps=[('empty_step', 'passthrough')], verbose=False)
2021-11-25 13:26:18,017:INFO:Creating grid variables
2021-11-25 13:26:18,055:INFO:create_model_container: 0
2021-11-25 13:26:18,057:INFO:master_model_container: 0
2021-11-25 13:26:18,057:INFO:display_container: 1
2021-11-25 13:26:18,079:INFO:Pipeline(memory=None,
         steps=[('dtypes',
                 DataTypes_Auto_infer(categorical_features=[],
                                      display_types=True, features_todrop=[],
                                      id_columns=[], ml_usecase='regression',
                                      numerical_features=[],
                                      target='UNSUPERVISED_DUMMY_TARGET',
                                      time_features=[])),
                ('imputer',
                 Simple_Imputer(categorical_strategy='most frequent',
                                fill_value_categorical=None,
                                fill_value_numerical=None...
                ('scaling', 'passthrough'), ('P_transform', 'passthrough'),
                ('binn', 'passthrough'), ('rem_outliers', 'passthrough'),
                ('cluster_all', 'passthrough'),
                ('dummy', Dummify(target='UNSUPERVISED_DUMMY_TARGET')),
                ('fix_perfect', 'passthrough'),
                ('clean_names', Clean_Colum_Names()),
                ('feature_select', 'passthrough'), ('fix_multi', 'passthrough'),
                ('dfs', 'passthrough'), ('pca', 'passthrough')],
         verbose=False)
2021-11-25 13:26:18,079:INFO:setup() succesfully completed......................................
2021-11-25 13:26:18,306:INFO:Initializing create_model()
2021-11-25 13:26:18,307:INFO:create_model(estimator=iforest, num_clusters=4, fraction=0.05, ground_truth=None, round=4, fit_kwargs=None, verbose=True, system=True, add_to_model_list=True, raise_num_clusters=False, display=None, kwargs={})
2021-11-25 13:26:18,307:INFO:Checking exceptions
2021-11-25 13:26:18,308:INFO:Preparing display monitor
2021-11-25 13:26:18,337:INFO:Importing libraries
2021-11-25 13:26:18,360:INFO:Importing untrained model
2021-11-25 13:26:18,380:INFO:Isolation Forest Imported succesfully
2021-11-25 13:26:18,407:INFO:Fitting Model
2021-11-25 13:26:19,807:INFO:IForest(behaviour='new', bootstrap=False, contamination=0.05,
    max_features=1.0, max_samples='auto', n_estimators=100, n_jobs=-1,
    random_state=4161, verbose=0)
2021-11-25 13:26:19,807:INFO:create_models() succesfully completed......................................
2021-11-25 13:26:19,810:INFO:Uploading results into container
2021-11-25 13:26:19,811:INFO:Uploading model into container now
2021-11-25 13:26:19,814:INFO:create_model_container: 1
2021-11-25 13:26:19,815:INFO:master_model_container: 1
2021-11-25 13:26:19,815:INFO:display_container: 2
2021-11-25 13:26:19,816:INFO:IForest(behaviour='new', bootstrap=False, contamination=0.05,
    max_features=1.0, max_samples='auto', n_estimators=100, n_jobs=-1,
    random_state=4161, verbose=0)
2021-11-25 13:26:19,817:INFO:create_model() succesfully completed......................................
2021-11-25 13:26:19,995:INFO:Initializing plot_model()
2021-11-25 13:26:19,996:INFO:plot_model(fold=None, use_train_data=False, verbose=True, is_in_evaluate=False, display=None, display_format=None, estimator=IForest(behaviour='new', bootstrap=False, contamination=0.05,
    max_features=1.0, max_samples='auto', n_estimators=100, n_jobs=-1,
    random_state=4161, verbose=0), feature_name=None, fit_kwargs=None, groups=None, label=False, plot=tsne, save=False, scale=1, system=True)
2021-11-25 13:26:19,996:INFO:Checking exceptions
2021-11-25 13:26:19,996:INFO:Preparing display monitor
2021-11-25 13:26:20,025:INFO:Preloading libraries
2021-11-25 13:26:20,101:INFO:Copying training dataset
2021-11-25 13:26:20,103:INFO:Plot type: tsne
2021-11-25 13:26:20,252:INFO:SubProcess assign_model() called ==================================
2021-11-25 13:26:20,253:INFO:Initializing assign_model()
2021-11-25 13:26:20,253:INFO:assign_model(model=IForest(behaviour='new', bootstrap=False, contamination=0.05,
    max_features=1.0, max_samples='auto', n_estimators=100, n_jobs=-1,
    random_state=4161, verbose=0), transformation=True, score=False, verbose=False)
2021-11-25 13:26:20,253:INFO:Checking exceptions
2021-11-25 13:26:20,253:INFO:Determining Trained Model
2021-11-25 13:26:20,254:INFO:Trained Model : Isolation Forest
2021-11-25 13:26:20,254:INFO:Copying data
2021-11-25 13:26:20,254:INFO:Transformation param set to True. Assigned clusters are attached on transformed dataset.
2021-11-25 13:26:20,255:INFO:(2000, 3)
2021-11-25 13:26:20,255:INFO:assign_model() succesfully completed......................................
2021-11-25 13:26:20,255:INFO:SubProcess assign_model() end ==================================
2021-11-25 13:26:20,260:INFO:Getting dummies to cast categorical variables
2021-11-25 13:26:20,260:INFO:Fitting TSNE()
2021-11-25 13:26:48,549:INFO:Rendering Visual
2021-11-25 13:26:48,796:INFO:Visual Rendered Successfully
2021-11-25 13:26:49,009:INFO:plot_model() succesfully completed......................................
